<?xml version="1.0" encoding="UTF-8"?>
<robot generator="Robot 4.1.2 (Python 3.10.0 on win32)" generated="20211028 12:49:42.584" rpa="false" schemaversion="2">
<suite id="s1" name="Tests" source="C:\Users\User\Desktop\Test\Tests.txt">
<kw name="Go to testPage" type="SETUP">
<kw name="Open Browser" library="Selenium2Library">
<arg>${HOMEPAGE}</arg>
<arg>${BROWSER}</arg>
<doc>Opens a new browser instance to the optional ``url``.</doc>
<msg timestamp="20211028 12:49:42.900" level="INFO">Opening browser 'chrome' to base url 'https://hotline.ua/'.</msg>
<status status="PASS" starttime="20211028 12:49:42.900" endtime="20211028 12:49:49.820"/>
</kw>
<status status="PASS" starttime="20211028 12:49:42.899" endtime="20211028 12:49:49.821"/>
</kw>
<test id="s1-t1" name="Search iphone 7 and follow the link">
<kw name="Seach and follow the link">
<arg>iPhone 7</arg>
<kw name="Input Text" library="Selenium2Library">
<arg>id=searchbox</arg>
<arg>${searchkey}</arg>
<doc>Types the given ``text`` into the text field identified by ``locator``.</doc>
<msg timestamp="20211028 12:49:49.826" level="INFO">Typing text 'iPhone 7' into text field 'id=searchbox'.</msg>
<status status="PASS" starttime="20211028 12:49:49.825" endtime="20211028 12:49:49.996"/>
</kw>
<kw name="Click Button" library="Selenium2Library">
<arg>id=doSearch</arg>
<doc>Clicks the button identified by ``locator``.</doc>
<msg timestamp="20211028 12:49:49.997" level="INFO">Clicking button 'id=doSearch'.</msg>
<status status="PASS" starttime="20211028 12:49:49.996" endtime="20211028 12:49:50.132"/>
</kw>
<kw name="Wait Until Page Contains Element" library="Selenium2Library">
<arg>xpath=(//a[@href="/mobile-mobilnye-telefony-i-smartfony/apple-iphone-7-32gb-black/"])[2]</arg>
<doc>Waits until the element ``locator`` appears on the current page.</doc>
<status status="PASS" starttime="20211028 12:49:50.132" endtime="20211028 12:49:53.954"/>
</kw>
<kw name="Click Link" library="Selenium2Library">
<arg>xpath=(//a[@href="/mobile-mobilnye-telefony-i-smartfony/apple-iphone-7-32gb-black/"])[2]</arg>
<doc>Clicks a link identified by ``locator``.</doc>
<msg timestamp="20211028 12:49:53.955" level="INFO">Clicking link 'xpath=(//a[@href="/mobile-mobilnye-telefony-i-smartfony/apple-iphone-7-32gb-black/"])[2]'.</msg>
<status status="PASS" starttime="20211028 12:49:53.954" endtime="20211028 12:49:58.968"/>
</kw>
<status status="PASS" starttime="20211028 12:49:49.823" endtime="20211028 12:49:58.968"/>
</kw>
<status status="PASS" starttime="20211028 12:49:49.821" endtime="20211028 12:49:58.969"/>
</test>
<kw name="Close All Browsers" library="Selenium2Library" type="TEARDOWN">
<doc>Closes all open browsers and resets the browser cache.</doc>
<status status="PASS" starttime="20211028 12:49:58.970" endtime="20211028 12:50:01.190"/>
</kw>
<status status="PASS" starttime="20211028 12:49:42.587" endtime="20211028 12:50:01.190"/>
</suite>
<statistics>
<total>
<stat pass="1" fail="0" skip="0">All Tests</stat>
</total>
<tag>
</tag>
<suite>
<stat pass="1" fail="0" skip="0" id="s1" name="Tests">Tests</stat>
</suite>
</statistics>
<errors>
</errors>
</robot>
